TimeQuest Timing Analyzer report for 7
Fri May 17 15:12:14 2019
Quartus II 64-Bit Version 13.0.1 Build 232 06/12/2013 Service Pack 1 SJ Full Version


---------------------
; Table of Contents ;
---------------------
  1. Legal Notice
  2. TimeQuest Timing Analyzer Summary
  3. Parallel Compilation
  4. Clocks
  5. Slow Model Fmax Summary
  6. Slow Model Setup Summary
  7. Slow Model Hold Summary
  8. Slow Model Recovery Summary
  9. Slow Model Removal Summary
 10. Slow Model Minimum Pulse Width Summary
 11. Slow Model Setup: 'clk'
 12. Slow Model Setup: 're'
 13. Slow Model Hold: 'clk'
 14. Slow Model Hold: 're'
 15. Slow Model Minimum Pulse Width: 'clk'
 16. Slow Model Minimum Pulse Width: 're'
 17. Clock to Output Times
 18. Minimum Clock to Output Times
 19. Fast Model Setup Summary
 20. Fast Model Hold Summary
 21. Fast Model Recovery Summary
 22. Fast Model Removal Summary
 23. Fast Model Minimum Pulse Width Summary
 24. Fast Model Setup: 'clk'
 25. Fast Model Setup: 're'
 26. Fast Model Hold: 'clk'
 27. Fast Model Hold: 're'
 28. Fast Model Minimum Pulse Width: 'clk'
 29. Fast Model Minimum Pulse Width: 're'
 30. Clock to Output Times
 31. Minimum Clock to Output Times
 32. Multicorner Timing Analysis Summary
 33. Clock to Output Times
 34. Minimum Clock to Output Times
 35. Setup Transfers
 36. Hold Transfers
 37. Report TCCS
 38. Report RSKM
 39. Unconstrained Paths
 40. TimeQuest Timing Analyzer Messages



----------------
; Legal Notice ;
----------------
Copyright (C) 1991-2013 Altera Corporation
Your use of Altera Corporation's design tools, logic functions 
and other software and tools, and its AMPP partner logic 
functions, and any output files from any of the foregoing 
(including device programming or simulation files), and any 
associated documentation or information are expressly subject 
to the terms and conditions of the Altera Program License 
Subscription Agreement, Altera MegaCore Function License 
Agreement, or other applicable license agreement, including, 
without limitation, that your use is for the sole purpose of 
programming logic devices manufactured by Altera and sold by 
Altera or its authorized distributors.  Please refer to the 
applicable agreement for further details.



+-----------------------------------------------------------------------------------------+
; TimeQuest Timing Analyzer Summary                                                       ;
+--------------------+--------------------------------------------------------------------+
; Quartus II Version ; Version 13.0.1 Build 232 06/12/2013 Service Pack 1 SJ Full Version ;
; Revision Name      ; 7                                                                  ;
; Device Family      ; Cyclone II                                                         ;
; Device Name        ; EP2C8Q208C8                                                        ;
; Timing Models      ; Final                                                              ;
; Delay Model        ; Combined                                                           ;
; Rise/Fall Delays   ; Unavailable                                                        ;
+--------------------+--------------------------------------------------------------------+


+------------------------------------------+
; Parallel Compilation                     ;
+----------------------------+-------------+
; Processors                 ; Number      ;
+----------------------------+-------------+
; Number detected on machine ; 8           ;
; Maximum allowed            ; 4           ;
;                            ;             ;
; Average used               ; 1.00        ;
; Maximum used               ; 2           ;
;                            ;             ;
; Usage by Processor         ; % Time Used ;
;     Processor 1            ; 100.0%      ;
;     Processor 2            ; < 0.1%      ;
;     Processors 3-8         ;   0.0%      ;
+----------------------------+-------------+


+---------------------------------------------------------------------------------------------------------------------------------------------------------------------------------+
; Clocks                                                                                                                                                                          ;
+------------+------+--------+------------+-------+-------+------------+-----------+-------------+-------+--------+-----------+------------+----------+--------+--------+---------+
; Clock Name ; Type ; Period ; Frequency  ; Rise  ; Fall  ; Duty Cycle ; Divide by ; Multiply by ; Phase ; Offset ; Edge List ; Edge Shift ; Inverted ; Master ; Source ; Targets ;
+------------+------+--------+------------+-------+-------+------------+-----------+-------------+-------+--------+-----------+------------+----------+--------+--------+---------+
; clk        ; Base ; 1.000  ; 1000.0 MHz ; 0.000 ; 0.500 ;            ;           ;             ;       ;        ;           ;            ;          ;        ;        ; { clk } ;
; re         ; Base ; 1.000  ; 1000.0 MHz ; 0.000 ; 0.500 ;            ;           ;             ;       ;        ;           ;            ;          ;        ;        ; { re }  ;
+------------+------+--------+------------+-------+-------+------------+-----------+-------------+-------+--------+-----------+------------+----------+--------+--------+---------+


+------------------------------------------------------------------------------------------------------------+
; Slow Model Fmax Summary                                                                                    ;
+-------------+-----------------+------------+---------------------------------------------------------------+
; Fmax        ; Restricted Fmax ; Clock Name ; Note                                                          ;
+-------------+-----------------+------------+---------------------------------------------------------------+
; 1307.19 MHz ; 340.02 MHz      ; clk        ; limit due to minimum period restriction (max I/O toggle rate) ;
; 1307.19 MHz ; 360.1 MHz       ; re         ; limit due to minimum period restriction (max I/O toggle rate) ;
+-------------+-----------------+------------+---------------------------------------------------------------+
This panel reports FMAX for every clock in the design, regardless of the user-specified clock periods.  FMAX is only computed for paths where the source and destination registers or ports are driven by the same clock.  Paths of different clocks, including generated clocks, are ignored.  For paths between a clock and its inversion, FMAX is computed as if the rising and falling edges are scaled along with FMAX, such that the duty cycle (in terms of a percentage) is maintained. Altera recommends that you always use clock constraints and other slack reports for sign-off analysis.


+-------------------------------+
; Slow Model Setup Summary      ;
+-------+-------+---------------+
; Clock ; Slack ; End Point TNS ;
+-------+-------+---------------+
; clk   ; 0.235 ; 0.000         ;
; re    ; 0.235 ; 0.000         ;
+-------+-------+---------------+


+-------------------------------+
; Slow Model Hold Summary       ;
+-------+-------+---------------+
; Clock ; Slack ; End Point TNS ;
+-------+-------+---------------+
; clk   ; 0.499 ; 0.000         ;
; re    ; 0.499 ; 0.000         ;
+-------+-------+---------------+


-------------------------------
; Slow Model Recovery Summary ;
-------------------------------
No paths to report.


------------------------------
; Slow Model Removal Summary ;
------------------------------
No paths to report.


+----------------------------------------+
; Slow Model Minimum Pulse Width Summary ;
+-------+--------+-----------------------+
; Clock ; Slack  ; End Point TNS         ;
+-------+--------+-----------------------+
; clk   ; -1.941 ; -3.425                ;
; re    ; -1.777 ; -4.745                ;
+-------+--------+-----------------------+


+---------------------------------------------------------------------------------------------------+
; Slow Model Setup: 'clk'                                                                           ;
+-------+-----------+---------+--------------+-------------+--------------+------------+------------+
; Slack ; From Node ; To Node ; Launch Clock ; Latch Clock ; Relationship ; Clock Skew ; Data Delay ;
+-------+-----------+---------+--------------+-------------+--------------+------------+------------+
; 0.235 ; inst      ; inst    ; clk          ; clk         ; 1.000        ; 0.000      ; 0.805      ;
+-------+-----------+---------+--------------+-------------+--------------+------------+------------+


+---------------------------------------------------------------------------------------------------+
; Slow Model Setup: 're'                                                                            ;
+-------+-----------+---------+--------------+-------------+--------------+------------+------------+
; Slack ; From Node ; To Node ; Launch Clock ; Latch Clock ; Relationship ; Clock Skew ; Data Delay ;
+-------+-----------+---------+--------------+-------------+--------------+------------+------------+
; 0.235 ; inst2     ; inst2   ; re           ; re          ; 1.000        ; 0.000      ; 0.805      ;
; 0.235 ; inst3     ; inst3   ; re           ; re          ; 1.000        ; 0.000      ; 0.805      ;
+-------+-----------+---------+--------------+-------------+--------------+------------+------------+


+---------------------------------------------------------------------------------------------------+
; Slow Model Hold: 'clk'                                                                            ;
+-------+-----------+---------+--------------+-------------+--------------+------------+------------+
; Slack ; From Node ; To Node ; Launch Clock ; Latch Clock ; Relationship ; Clock Skew ; Data Delay ;
+-------+-----------+---------+--------------+-------------+--------------+------------+------------+
; 0.499 ; inst      ; inst    ; clk          ; clk         ; 0.000        ; 0.000      ; 0.805      ;
+-------+-----------+---------+--------------+-------------+--------------+------------+------------+


+---------------------------------------------------------------------------------------------------+
; Slow Model Hold: 're'                                                                             ;
+-------+-----------+---------+--------------+-------------+--------------+------------+------------+
; Slack ; From Node ; To Node ; Launch Clock ; Latch Clock ; Relationship ; Clock Skew ; Data Delay ;
+-------+-----------+---------+--------------+-------------+--------------+------------+------------+
; 0.499 ; inst2     ; inst2   ; re           ; re          ; 0.000        ; 0.000      ; 0.805      ;
; 0.499 ; inst3     ; inst3   ; re           ; re          ; 0.000        ; 0.000      ; 0.805      ;
+-------+-----------+---------+--------------+-------------+--------------+------------+------------+


+----------------------------------------------------------------------------------------------+
; Slow Model Minimum Pulse Width: 'clk'                                                        ;
+--------+--------------+----------------+------------------+-------+------------+-------------+
; Slack  ; Actual Width ; Required Width ; Type             ; Clock ; Clock Edge ; Target      ;
+--------+--------------+----------------+------------------+-------+------------+-------------+
; -1.941 ; 1.000        ; 2.941          ; Port Rate        ; clk   ; Rise       ; clk         ;
; -0.742 ; 0.500        ; 1.242          ; High Pulse Width ; clk   ; Rise       ; inst        ;
; -0.742 ; 0.500        ; 1.242          ; Low Pulse Width  ; clk   ; Rise       ; inst        ;
; 0.500  ; 0.500        ; 0.000          ; High Pulse Width ; clk   ; Rise       ; clk|combout ;
; 0.500  ; 0.500        ; 0.000          ; Low Pulse Width  ; clk   ; Rise       ; clk|combout ;
; 0.500  ; 0.500        ; 0.000          ; High Pulse Width ; clk   ; Rise       ; inst|clk    ;
; 0.500  ; 0.500        ; 0.000          ; Low Pulse Width  ; clk   ; Rise       ; inst|clk    ;
+--------+--------------+----------------+------------------+-------+------------+-------------+


+------------------------------------------------------------------------------------------------+
; Slow Model Minimum Pulse Width: 're'                                                           ;
+--------+--------------+----------------+------------------+-------+------------+---------------+
; Slack  ; Actual Width ; Required Width ; Type             ; Clock ; Clock Edge ; Target        ;
+--------+--------------+----------------+------------------+-------+------------+---------------+
; -1.777 ; 1.000        ; 2.777          ; Port Rate        ; re    ; Rise       ; re            ;
; -0.742 ; 0.500        ; 1.242          ; High Pulse Width ; re    ; Rise       ; inst2         ;
; -0.742 ; 0.500        ; 1.242          ; Low Pulse Width  ; re    ; Rise       ; inst2         ;
; -0.742 ; 0.500        ; 1.242          ; High Pulse Width ; re    ; Rise       ; inst3         ;
; -0.742 ; 0.500        ; 1.242          ; Low Pulse Width  ; re    ; Rise       ; inst3         ;
; 0.500  ; 0.500        ; 0.000          ; High Pulse Width ; re    ; Rise       ; inst2|clk     ;
; 0.500  ; 0.500        ; 0.000          ; Low Pulse Width  ; re    ; Rise       ; inst2|clk     ;
; 0.500  ; 0.500        ; 0.000          ; High Pulse Width ; re    ; Rise       ; inst3|clk     ;
; 0.500  ; 0.500        ; 0.000          ; Low Pulse Width  ; re    ; Rise       ; inst3|clk     ;
; 0.500  ; 0.500        ; 0.000          ; High Pulse Width ; re    ; Rise       ; inst8|combout ;
; 0.500  ; 0.500        ; 0.000          ; Low Pulse Width  ; re    ; Rise       ; inst8|combout ;
; 0.500  ; 0.500        ; 0.000          ; High Pulse Width ; re    ; Rise       ; inst8|datac   ;
; 0.500  ; 0.500        ; 0.000          ; Low Pulse Width  ; re    ; Rise       ; inst8|datac   ;
; 0.500  ; 0.500        ; 0.000          ; High Pulse Width ; re    ; Rise       ; inst9|combout ;
; 0.500  ; 0.500        ; 0.000          ; Low Pulse Width  ; re    ; Rise       ; inst9|combout ;
; 0.500  ; 0.500        ; 0.000          ; High Pulse Width ; re    ; Rise       ; inst9|datac   ;
; 0.500  ; 0.500        ; 0.000          ; Low Pulse Width  ; re    ; Rise       ; inst9|datac   ;
; 0.500  ; 0.500        ; 0.000          ; High Pulse Width ; re    ; Rise       ; re|combout    ;
; 0.500  ; 0.500        ; 0.000          ; Low Pulse Width  ; re    ; Rise       ; re|combout    ;
+--------+--------------+----------------+------------------+-------+------------+---------------+


+-----------------------------------------------------------------------+
; Clock to Output Times                                                 ;
+-----------+------------+-------+-------+------------+-----------------+
; Data Port ; Clock Port ; Rise  ; Fall  ; Clock Edge ; Clock Reference ;
+-----------+------------+-------+-------+------------+-----------------+
; o0        ; clk        ; 6.832 ; 6.832 ; Rise       ; clk             ;
; o1        ; re         ; 9.819 ; 9.819 ; Rise       ; re              ;
; o2        ; re         ; 9.802 ; 9.802 ; Rise       ; re              ;
+-----------+------------+-------+-------+------------+-----------------+


+-----------------------------------------------------------------------+
; Minimum Clock to Output Times                                         ;
+-----------+------------+-------+-------+------------+-----------------+
; Data Port ; Clock Port ; Rise  ; Fall  ; Clock Edge ; Clock Reference ;
+-----------+------------+-------+-------+------------+-----------------+
; o0        ; clk        ; 6.832 ; 6.832 ; Rise       ; clk             ;
; o1        ; re         ; 9.819 ; 9.819 ; Rise       ; re              ;
; o2        ; re         ; 9.802 ; 9.802 ; Rise       ; re              ;
+-----------+------------+-------+-------+------------+-----------------+


+-------------------------------+
; Fast Model Setup Summary      ;
+-------+-------+---------------+
; Clock ; Slack ; End Point TNS ;
+-------+-------+---------------+
; clk   ; 0.665 ; 0.000         ;
; re    ; 0.665 ; 0.000         ;
+-------+-------+---------------+


+-------------------------------+
; Fast Model Hold Summary       ;
+-------+-------+---------------+
; Clock ; Slack ; End Point TNS ;
+-------+-------+---------------+
; clk   ; 0.215 ; 0.000         ;
; re    ; 0.215 ; 0.000         ;
+-------+-------+---------------+


-------------------------------
; Fast Model Recovery Summary ;
-------------------------------
No paths to report.


------------------------------
; Fast Model Removal Summary ;
------------------------------
No paths to report.


+----------------------------------------+
; Fast Model Minimum Pulse Width Summary ;
+-------+--------+-----------------------+
; Clock ; Slack  ; End Point TNS         ;
+-------+--------+-----------------------+
; clk   ; -1.380 ; -2.380                ;
; re    ; -1.222 ; -3.222                ;
+-------+--------+-----------------------+


+---------------------------------------------------------------------------------------------------+
; Fast Model Setup: 'clk'                                                                           ;
+-------+-----------+---------+--------------+-------------+--------------+------------+------------+
; Slack ; From Node ; To Node ; Launch Clock ; Latch Clock ; Relationship ; Clock Skew ; Data Delay ;
+-------+-----------+---------+--------------+-------------+--------------+------------+------------+
; 0.665 ; inst      ; inst    ; clk          ; clk         ; 1.000        ; 0.000      ; 0.367      ;
+-------+-----------+---------+--------------+-------------+--------------+------------+------------+


+---------------------------------------------------------------------------------------------------+
; Fast Model Setup: 're'                                                                            ;
+-------+-----------+---------+--------------+-------------+--------------+------------+------------+
; Slack ; From Node ; To Node ; Launch Clock ; Latch Clock ; Relationship ; Clock Skew ; Data Delay ;
+-------+-----------+---------+--------------+-------------+--------------+------------+------------+
; 0.665 ; inst2     ; inst2   ; re           ; re          ; 1.000        ; 0.000      ; 0.367      ;
; 0.665 ; inst3     ; inst3   ; re           ; re          ; 1.000        ; 0.000      ; 0.367      ;
+-------+-----------+---------+--------------+-------------+--------------+------------+------------+


+---------------------------------------------------------------------------------------------------+
; Fast Model Hold: 'clk'                                                                            ;
+-------+-----------+---------+--------------+-------------+--------------+------------+------------+
; Slack ; From Node ; To Node ; Launch Clock ; Latch Clock ; Relationship ; Clock Skew ; Data Delay ;
+-------+-----------+---------+--------------+-------------+--------------+------------+------------+
; 0.215 ; inst      ; inst    ; clk          ; clk         ; 0.000        ; 0.000      ; 0.367      ;
+-------+-----------+---------+--------------+-------------+--------------+------------+------------+


+---------------------------------------------------------------------------------------------------+
; Fast Model Hold: 're'                                                                             ;
+-------+-----------+---------+--------------+-------------+--------------+------------+------------+
; Slack ; From Node ; To Node ; Launch Clock ; Latch Clock ; Relationship ; Clock Skew ; Data Delay ;
+-------+-----------+---------+--------------+-------------+--------------+------------+------------+
; 0.215 ; inst2     ; inst2   ; re           ; re          ; 0.000        ; 0.000      ; 0.367      ;
; 0.215 ; inst3     ; inst3   ; re           ; re          ; 0.000        ; 0.000      ; 0.367      ;
+-------+-----------+---------+--------------+-------------+--------------+------------+------------+


+----------------------------------------------------------------------------------------------+
; Fast Model Minimum Pulse Width: 'clk'                                                        ;
+--------+--------------+----------------+------------------+-------+------------+-------------+
; Slack  ; Actual Width ; Required Width ; Type             ; Clock ; Clock Edge ; Target      ;
+--------+--------------+----------------+------------------+-------+------------+-------------+
; -1.380 ; 1.000        ; 2.380          ; Port Rate        ; clk   ; Rise       ; clk         ;
; -0.500 ; 0.500        ; 1.000          ; High Pulse Width ; clk   ; Rise       ; inst        ;
; -0.500 ; 0.500        ; 1.000          ; Low Pulse Width  ; clk   ; Rise       ; inst        ;
; 0.500  ; 0.500        ; 0.000          ; High Pulse Width ; clk   ; Rise       ; clk|combout ;
; 0.500  ; 0.500        ; 0.000          ; Low Pulse Width  ; clk   ; Rise       ; clk|combout ;
; 0.500  ; 0.500        ; 0.000          ; High Pulse Width ; clk   ; Rise       ; inst|clk    ;
; 0.500  ; 0.500        ; 0.000          ; Low Pulse Width  ; clk   ; Rise       ; inst|clk    ;
+--------+--------------+----------------+------------------+-------+------------+-------------+


+------------------------------------------------------------------------------------------------+
; Fast Model Minimum Pulse Width: 're'                                                           ;
+--------+--------------+----------------+------------------+-------+------------+---------------+
; Slack  ; Actual Width ; Required Width ; Type             ; Clock ; Clock Edge ; Target        ;
+--------+--------------+----------------+------------------+-------+------------+---------------+
; -1.222 ; 1.000        ; 2.222          ; Port Rate        ; re    ; Rise       ; re            ;
; -0.500 ; 0.500        ; 1.000          ; High Pulse Width ; re    ; Rise       ; inst2         ;
; -0.500 ; 0.500        ; 1.000          ; Low Pulse Width  ; re    ; Rise       ; inst2         ;
; -0.500 ; 0.500        ; 1.000          ; High Pulse Width ; re    ; Rise       ; inst3         ;
; -0.500 ; 0.500        ; 1.000          ; Low Pulse Width  ; re    ; Rise       ; inst3         ;
; 0.500  ; 0.500        ; 0.000          ; High Pulse Width ; re    ; Rise       ; inst2|clk     ;
; 0.500  ; 0.500        ; 0.000          ; Low Pulse Width  ; re    ; Rise       ; inst2|clk     ;
; 0.500  ; 0.500        ; 0.000          ; High Pulse Width ; re    ; Rise       ; inst3|clk     ;
; 0.500  ; 0.500        ; 0.000          ; Low Pulse Width  ; re    ; Rise       ; inst3|clk     ;
; 0.500  ; 0.500        ; 0.000          ; High Pulse Width ; re    ; Rise       ; inst8|combout ;
; 0.500  ; 0.500        ; 0.000          ; Low Pulse Width  ; re    ; Rise       ; inst8|combout ;
; 0.500  ; 0.500        ; 0.000          ; High Pulse Width ; re    ; Rise       ; inst8|datac   ;
; 0.500  ; 0.500        ; 0.000          ; Low Pulse Width  ; re    ; Rise       ; inst8|datac   ;
; 0.500  ; 0.500        ; 0.000          ; High Pulse Width ; re    ; Rise       ; inst9|combout ;
; 0.500  ; 0.500        ; 0.000          ; Low Pulse Width  ; re    ; Rise       ; inst9|combout ;
; 0.500  ; 0.500        ; 0.000          ; High Pulse Width ; re    ; Rise       ; inst9|datac   ;
; 0.500  ; 0.500        ; 0.000          ; Low Pulse Width  ; re    ; Rise       ; inst9|datac   ;
; 0.500  ; 0.500        ; 0.000          ; High Pulse Width ; re    ; Rise       ; re|combout    ;
; 0.500  ; 0.500        ; 0.000          ; Low Pulse Width  ; re    ; Rise       ; re|combout    ;
+--------+--------------+----------------+------------------+-------+------------+---------------+


+-----------------------------------------------------------------------+
; Clock to Output Times                                                 ;
+-----------+------------+-------+-------+------------+-----------------+
; Data Port ; Clock Port ; Rise  ; Fall  ; Clock Edge ; Clock Reference ;
+-----------+------------+-------+-------+------------+-----------------+
; o0        ; clk        ; 3.064 ; 3.064 ; Rise       ; clk             ;
; o1        ; re         ; 4.180 ; 4.180 ; Rise       ; re              ;
; o2        ; re         ; 4.173 ; 4.173 ; Rise       ; re              ;
+-----------+------------+-------+-------+------------+-----------------+


+-----------------------------------------------------------------------+
; Minimum Clock to Output Times                                         ;
+-----------+------------+-------+-------+------------+-----------------+
; Data Port ; Clock Port ; Rise  ; Fall  ; Clock Edge ; Clock Reference ;
+-----------+------------+-------+-------+------------+-----------------+
; o0        ; clk        ; 3.064 ; 3.064 ; Rise       ; clk             ;
; o1        ; re         ; 4.180 ; 4.180 ; Rise       ; re              ;
; o2        ; re         ; 4.173 ; 4.173 ; Rise       ; re              ;
+-----------+------------+-------+-------+------------+-----------------+


+-----------------------------------------------------------------------------+
; Multicorner Timing Analysis Summary                                         ;
+------------------+-------+-------+----------+---------+---------------------+
; Clock            ; Setup ; Hold  ; Recovery ; Removal ; Minimum Pulse Width ;
+------------------+-------+-------+----------+---------+---------------------+
; Worst-case Slack ; 0.235 ; 0.215 ; N/A      ; N/A     ; -1.941              ;
;  clk             ; 0.235 ; 0.215 ; N/A      ; N/A     ; -1.941              ;
;  re              ; 0.235 ; 0.215 ; N/A      ; N/A     ; -1.777              ;
; Design-wide TNS  ; 0.0   ; 0.0   ; 0.0      ; 0.0     ; -8.17               ;
;  clk             ; 0.000 ; 0.000 ; N/A      ; N/A     ; -3.425              ;
;  re              ; 0.000 ; 0.000 ; N/A      ; N/A     ; -4.745              ;
+------------------+-------+-------+----------+---------+---------------------+


+-----------------------------------------------------------------------+
; Clock to Output Times                                                 ;
+-----------+------------+-------+-------+------------+-----------------+
; Data Port ; Clock Port ; Rise  ; Fall  ; Clock Edge ; Clock Reference ;
+-----------+------------+-------+-------+------------+-----------------+
; o0        ; clk        ; 6.832 ; 6.832 ; Rise       ; clk             ;
; o1        ; re         ; 9.819 ; 9.819 ; Rise       ; re              ;
; o2        ; re         ; 9.802 ; 9.802 ; Rise       ; re              ;
+-----------+------------+-------+-------+------------+-----------------+


+-----------------------------------------------------------------------+
; Minimum Clock to Output Times                                         ;
+-----------+------------+-------+-------+------------+-----------------+
; Data Port ; Clock Port ; Rise  ; Fall  ; Clock Edge ; Clock Reference ;
+-----------+------------+-------+-------+------------+-----------------+
; o0        ; clk        ; 3.064 ; 3.064 ; Rise       ; clk             ;
; o1        ; re         ; 4.180 ; 4.180 ; Rise       ; re              ;
; o2        ; re         ; 4.173 ; 4.173 ; Rise       ; re              ;
+-----------+------------+-------+-------+------------+-----------------+


+-------------------------------------------------------------------+
; Setup Transfers                                                   ;
+------------+----------+----------+----------+----------+----------+
; From Clock ; To Clock ; RR Paths ; FR Paths ; RF Paths ; FF Paths ;
+------------+----------+----------+----------+----------+----------+
; clk        ; clk      ; 1        ; 0        ; 0        ; 0        ;
; re         ; re       ; 2        ; 0        ; 0        ; 0        ;
+------------+----------+----------+----------+----------+----------+
Entries labeled "false path" only account for clock-to-clock false paths and not path-based false paths. As a result, actual path counts may be lower than reported.


+-------------------------------------------------------------------+
; Hold Transfers                                                    ;
+------------+----------+----------+----------+----------+----------+
; From Clock ; To Clock ; RR Paths ; FR Paths ; RF Paths ; FF Paths ;
+------------+----------+----------+----------+----------+----------+
; clk        ; clk      ; 1        ; 0        ; 0        ; 0        ;
; re         ; re       ; 2        ; 0        ; 0        ; 0        ;
+------------+----------+----------+----------+----------+----------+
Entries labeled "false path" only account for clock-to-clock false paths and not path-based false paths. As a result, actual path counts may be lower than reported.


---------------
; Report TCCS ;
---------------
No dedicated SERDES Transmitter circuitry present in device or used in design


---------------
; Report RSKM ;
---------------
No dedicated SERDES Receiver circuitry present in device or used in design


+------------------------------------------------+
; Unconstrained Paths                            ;
+---------------------------------+-------+------+
; Property                        ; Setup ; Hold ;
+---------------------------------+-------+------+
; Illegal Clocks                  ; 0     ; 0    ;
; Unconstrained Clocks            ; 0     ; 0    ;
; Unconstrained Input Ports       ; 1     ; 1    ;
; Unconstrained Input Port Paths  ; 3     ; 3    ;
; Unconstrained Output Ports      ; 3     ; 3    ;
; Unconstrained Output Port Paths ; 3     ; 3    ;
+---------------------------------+-------+------+


+------------------------------------+
; TimeQuest Timing Analyzer Messages ;
+------------------------------------+
Info: *******************************************************************
Info: Running Quartus II 64-Bit TimeQuest Timing Analyzer
    Info: Version 13.0.1 Build 232 06/12/2013 Service Pack 1 SJ Full Version
    Info: Processing started: Fri May 17 15:12:12 2019
Info: Command: quartus_sta 7 -c 7
Info: qsta_default_script.tcl version: #1
Info (11104): Parallel Compilation has detected 8 hyper-threaded processors. However, the extra hyper-threaded processors will not be used by default. Parallel Compilation will use 4 of the 4 physical processors detected instead.
Info (21077): Low junction temperature is 0 degrees C
Info (21077): High junction temperature is 85 degrees C
Critical Warning (332012): Synopsys Design Constraints File file not found: '7.sdc'. A Synopsys Design Constraints File is required by the TimeQuest Timing Analyzer to get proper timing constraints. Without it, the Compiler will not properly optimize the design.
Info (332142): No user constrained base clocks found in the design. Calling "derive_clocks -period 1.0"
Info (332105): Deriving Clocks
    Info (332105): create_clock -period 1.000 -name re re
    Info (332105): create_clock -period 1.000 -name clk clk
Info (332097): The following timing edges are non-unate.  TimeQuest will assume pos-unate behavior for these edges in the clock network.
    Info (332098): Cell: inst8  from: datac  to: combout
    Info (332098): Cell: inst9  from: datac  to: combout
Info: Found TIMEQUEST_REPORT_SCRIPT_INCLUDE_DEFAULT_ANALYSIS = ON
Info: Analyzing Slow Model
Info (332146): Worst-case setup slack is 0.235
    Info (332119):     Slack End Point TNS Clock 
    Info (332119): ========= ============= =====================
    Info (332119):     0.235         0.000 clk 
    Info (332119):     0.235         0.000 re 
Info (332146): Worst-case hold slack is 0.499
    Info (332119):     Slack End Point TNS Clock 
    Info (332119): ========= ============= =====================
    Info (332119):     0.499         0.000 clk 
    Info (332119):     0.499         0.000 re 
Info (332140): No Recovery paths to report
Info (332140): No Removal paths to report
Critical Warning (332148): Timing requirements not met
Info (332146): Worst-case minimum pulse width slack is -1.941
    Info (332119):     Slack End Point TNS Clock 
    Info (332119): ========= ============= =====================
    Info (332119):    -1.941        -3.425 clk 
    Info (332119):    -1.777        -4.745 re 
Info (332001): The selected device family is not supported by the report_metastability command.
Info: Analyzing Fast Model
Info (332097): The following timing edges are non-unate.  TimeQuest will assume pos-unate behavior for these edges in the clock network.
    Info (332098): Cell: inst8  from: datac  to: combout
    Info (332098): Cell: inst9  from: datac  to: combout
Info (332146): Worst-case setup slack is 0.665
    Info (332119):     Slack End Point TNS Clock 
    Info (332119): ========= ============= =====================
    Info (332119):     0.665         0.000 clk 
    Info (332119):     0.665         0.000 re 
Info (332146): Worst-case hold slack is 0.215
    Info (332119):     Slack End Point TNS Clock 
    Info (332119): ========= ============= =====================
    Info (332119):     0.215         0.000 clk 
    Info (332119):     0.215         0.000 re 
Info (332140): No Recovery paths to report
Info (332140): No Removal paths to report
Critical Warning (332148): Timing requirements not met
Info (332146): Worst-case minimum pulse width slack is -1.380
    Info (332119):     Slack End Point TNS Clock 
    Info (332119): ========= ============= =====================
    Info (332119):    -1.380        -2.380 clk 
    Info (332119):    -1.222        -3.222 re 
Info (332001): The selected device family is not supported by the report_metastability command.
Info (332102): Design is not fully constrained for setup requirements
Info (332102): Design is not fully constrained for hold requirements
Info: Quartus II 64-Bit TimeQuest Timing Analyzer was successful. 0 errors, 3 warnings
    Info: Peak virtual memory: 4601 megabytes
    Info: Processing ended: Fri May 17 15:12:14 2019
    Info: Elapsed time: 00:00:02
    Info: Total CPU time (on all processors): 00:00:02


