Classic Timing Analyzer report for 4
Fri Mar 29 15:54:13 2019
Quartus II Version 8.1 Build 163 10/28/2008 SJ Web Edition


---------------------
; Table of Contents ;
---------------------
  1. Legal Notice
  2. Timing Analyzer Summary
  3. Timing Analyzer Settings
  4. tpd
  5. Timing Analyzer Messages



----------------
; Legal Notice ;
----------------
Copyright (C) 1991-2008 Altera Corporation
Your use of Altera Corporation's design tools, logic functions 
and other software and tools, and its AMPP partner logic 
functions, and any output files from any of the foregoing 
(including device programming or simulation files), and any 
associated documentation or information are expressly subject 
to the terms and conditions of the Altera Program License 
Subscription Agreement, Altera MegaCore Function License 
Agreement, or other applicable license agreement, including, 
without limitation, that your use is for the sole purpose of 
programming logic devices manufactured by Altera and sold by 
Altera or its authorized distributors.  Please refer to the 
applicable agreement for further details.



+------------------------------------------------------------------------------------------------------------------------+
; Timing Analyzer Summary                                                                                                ;
+------------------------------+-------+---------------+-------------+------+-----+------------+----------+--------------+
; Type                         ; Slack ; Required Time ; Actual Time ; From ; To  ; From Clock ; To Clock ; Failed Paths ;
+------------------------------+-------+---------------+-------------+------+-----+------------+----------+--------------+
; Worst-case tpd               ; N/A   ; None          ; 13.231 ns   ; I3   ; Y14 ; --         ; --       ; 0            ;
; Total number of failed paths ;       ;               ;             ;      ;     ;            ;          ; 0            ;
+------------------------------+-------+---------------+-------------+------+-----+------------+----------+--------------+


+--------------------------------------------------------------------------------------------------------------------+
; Timing Analyzer Settings                                                                                           ;
+---------------------------------------------------------------------+--------------------+------+----+-------------+
; Option                                                              ; Setting            ; From ; To ; Entity Name ;
+---------------------------------------------------------------------+--------------------+------+----+-------------+
; Device Name                                                         ; EP2C8Q208C8        ;      ;    ;             ;
; Timing Models                                                       ; Final              ;      ;    ;             ;
; Default hold multicycle                                             ; Same as Multicycle ;      ;    ;             ;
; Cut paths between unrelated clock domains                           ; On                 ;      ;    ;             ;
; Cut off read during write signal paths                              ; On                 ;      ;    ;             ;
; Cut off feedback from I/O pins                                      ; On                 ;      ;    ;             ;
; Report Combined Fast/Slow Timing                                    ; Off                ;      ;    ;             ;
; Ignore Clock Settings                                               ; Off                ;      ;    ;             ;
; Analyze latches as synchronous elements                             ; On                 ;      ;    ;             ;
; Enable Recovery/Removal analysis                                    ; Off                ;      ;    ;             ;
; Enable Clock Latency                                                ; Off                ;      ;    ;             ;
; Use TimeQuest Timing Analyzer                                       ; Off                ;      ;    ;             ;
; Minimum Core Junction Temperature                                   ; 0                  ;      ;    ;             ;
; Maximum Core Junction Temperature                                   ; 85                 ;      ;    ;             ;
; Number of source nodes to report per destination node               ; 10                 ;      ;    ;             ;
; Number of destination nodes to report                               ; 10                 ;      ;    ;             ;
; Number of paths to report                                           ; 200                ;      ;    ;             ;
; Report Minimum Timing Checks                                        ; Off                ;      ;    ;             ;
; Use Fast Timing Models                                              ; Off                ;      ;    ;             ;
; Report IO Paths Separately                                          ; Off                ;      ;    ;             ;
; Perform Multicorner Analysis                                        ; On                 ;      ;    ;             ;
; Reports the worst-case path for each clock domain and analysis      ; Off                ;      ;    ;             ;
; Removes common clock path pessimism (CCPP) during slack computation ; Off                ;      ;    ;             ;
; Output I/O Timing Endpoint                                          ; Near End           ;      ;    ;             ;
+---------------------------------------------------------------------+--------------------+------+----+-------------+


+----------------------------------------------------------+
; tpd                                                      ;
+-------+-------------------+-----------------+------+-----+
; Slack ; Required P2P Time ; Actual P2P Time ; From ; To  ;
+-------+-------------------+-----------------+------+-----+
; N/A   ; None              ; 13.231 ns       ; I3   ; Y14 ;
; N/A   ; None              ; 13.228 ns       ; I2   ; Y14 ;
; N/A   ; None              ; 13.211 ns       ; I2   ; Y15 ;
; N/A   ; None              ; 13.198 ns       ; I3   ; Y15 ;
; N/A   ; None              ; 13.195 ns       ; I2   ; Y13 ;
; N/A   ; None              ; 13.189 ns       ; I3   ; Y13 ;
; N/A   ; None              ; 12.946 ns       ; I3   ; Y8  ;
; N/A   ; None              ; 12.939 ns       ; I3   ; Y9  ;
; N/A   ; None              ; 12.929 ns       ; I1   ; Y15 ;
; N/A   ; None              ; 12.923 ns       ; I1   ; Y13 ;
; N/A   ; None              ; 12.912 ns       ; I1   ; Y14 ;
; N/A   ; None              ; 12.894 ns       ; I3   ; Y12 ;
; N/A   ; None              ; 12.893 ns       ; I2   ; Y12 ;
; N/A   ; None              ; 12.849 ns       ; I3   ; Y10 ;
; N/A   ; None              ; 12.847 ns       ; I0   ; Y15 ;
; N/A   ; None              ; 12.847 ns       ; I3   ; Y11 ;
; N/A   ; None              ; 12.846 ns       ; I0   ; Y13 ;
; N/A   ; None              ; 12.838 ns       ; I2   ; Y6  ;
; N/A   ; None              ; 12.836 ns       ; I0   ; Y14 ;
; N/A   ; None              ; 12.836 ns       ; I2   ; Y9  ;
; N/A   ; None              ; 12.831 ns       ; I2   ; Y8  ;
; N/A   ; None              ; 12.792 ns       ; I2   ; Y7  ;
; N/A   ; None              ; 12.771 ns       ; I2   ; Y10 ;
; N/A   ; None              ; 12.740 ns       ; I3   ; Y6  ;
; N/A   ; None              ; 12.739 ns       ; I2   ; Y11 ;
; N/A   ; None              ; 12.736 ns       ; I3   ; Y2  ;
; N/A   ; None              ; 12.720 ns       ; I2   ; Y2  ;
; N/A   ; None              ; 12.699 ns       ; I3   ; Y7  ;
; N/A   ; None              ; 12.683 ns       ; I2   ; Y0  ;
; N/A   ; None              ; 12.683 ns       ; I3   ; Y0  ;
; N/A   ; None              ; 12.673 ns       ; I1   ; Y9  ;
; N/A   ; None              ; 12.656 ns       ; I2   ; Y1  ;
; N/A   ; None              ; 12.650 ns       ; I3   ; Y1  ;
; N/A   ; None              ; 12.638 ns       ; I2   ; Y3  ;
; N/A   ; None              ; 12.635 ns       ; I1   ; Y8  ;
; N/A   ; None              ; 12.635 ns       ; I3   ; Y3  ;
; N/A   ; None              ; 12.601 ns       ; I0   ; Y9  ;
; N/A   ; None              ; 12.581 ns       ; I1   ; Y12 ;
; N/A   ; None              ; 12.572 ns       ; I1   ; Y11 ;
; N/A   ; None              ; 12.566 ns       ; I1   ; Y10 ;
; N/A   ; None              ; 12.559 ns       ; I0   ; Y8  ;
; N/A   ; None              ; 12.520 ns       ; I1   ; Y6  ;
; N/A   ; None              ; 12.518 ns       ; I1   ; Y2  ;
; N/A   ; None              ; 12.509 ns       ; I1   ; Y7  ;
; N/A   ; None              ; 12.500 ns       ; I0   ; Y12 ;
; N/A   ; None              ; 12.500 ns       ; I0   ; Y11 ;
; N/A   ; None              ; 12.489 ns       ; I1   ; Y1  ;
; N/A   ; None              ; 12.482 ns       ; I1   ; Y0  ;
; N/A   ; None              ; 12.481 ns       ; I0   ; Y10 ;
; N/A   ; None              ; 12.471 ns       ; I1   ; Y3  ;
; N/A   ; None              ; 12.434 ns       ; I0   ; Y6  ;
; N/A   ; None              ; 12.432 ns       ; I0   ; Y2  ;
; N/A   ; None              ; 12.427 ns       ; I0   ; Y7  ;
; N/A   ; None              ; 12.423 ns       ; I2   ; Y4  ;
; N/A   ; None              ; 12.407 ns       ; I0   ; Y1  ;
; N/A   ; None              ; 12.397 ns       ; I0   ; Y0  ;
; N/A   ; None              ; 12.396 ns       ; I2   ; Y5  ;
; N/A   ; None              ; 12.390 ns       ; I0   ; Y3  ;
; N/A   ; None              ; 12.311 ns       ; I3   ; Y4  ;
; N/A   ; None              ; 12.283 ns       ; I3   ; Y5  ;
; N/A   ; None              ; 12.121 ns       ; I1   ; Y5  ;
; N/A   ; None              ; 12.108 ns       ; I1   ; Y4  ;
; N/A   ; None              ; 12.040 ns       ; I0   ; Y5  ;
; N/A   ; None              ; 12.022 ns       ; I0   ; Y4  ;
+-------+-------------------+-----------------+------+-----+


+--------------------------+
; Timing Analyzer Messages ;
+--------------------------+
Info: *******************************************************************
Info: Running Quartus II Classic Timing Analyzer
    Info: Version 8.1 Build 163 10/28/2008 SJ Web Edition
    Info: Processing started: Fri Mar 29 15:54:13 2019
Info: Command: quartus_tan --read_settings_files=off --write_settings_files=off 4 -c 4 --timing_analysis_only
Info: Longest tpd from source pin "I3" to destination pin "Y14" is 13.231 ns
    Info: 1: + IC(0.000 ns) + CELL(0.974 ns) = 0.974 ns; Loc. = PIN_82; Fanout = 16; PIN Node = 'I3'
    Info: 2: + IC(7.072 ns) + CELL(0.624 ns) = 8.670 ns; Loc. = LCCOMB_X33_Y15_N4; Fanout = 1; COMB Node = 'inst32~62'
    Info: 3: + IC(1.275 ns) + CELL(3.286 ns) = 13.231 ns; Loc. = PIN_164; Fanout = 0; PIN Node = 'Y14'
    Info: Total cell delay = 4.884 ns ( 36.91 % )
    Info: Total interconnect delay = 8.347 ns ( 63.09 % )
Info: Quartus II Classic Timing Analyzer was successful. 0 errors, 0 warnings
    Info: Peak virtual memory: 177 megabytes
    Info: Processing ended: Fri Mar 29 15:54:13 2019
    Info: Elapsed time: 00:00:00
    Info: Total CPU time (on all processors): 00:00:00


